C:\Program Files\Microsoft Visual Studio\2022\Community\MSBuild\Microsoft\VC\v170\Microsoft.CppBuild.targets(531,5): warning MSB8028: The intermediate directory (x64\Release\) contains files shared from another project (OpenGL Project - Sabău Oana-Maria.vcxproj).  This can lead to incorrect clean and rebuild behavior.
  Camera.cpp
  main.cpp
C:\Users\oana\source\repos\SabauOana_gr30232_app\main.cpp(105,21): warning C4244: 'initializing': conversion from 'double' to 'float', possible loss of data
C:\Users\oana\source\repos\SabauOana_gr30232_app\main.cpp(155,19): warning C4244: '=': conversion from 'double' to 'float', possible loss of data
C:\Users\oana\source\repos\SabauOana_gr30232_app\main.cpp(156,19): warning C4244: '=': conversion from 'double' to 'float', possible loss of data
C:\Users\oana\source\repos\SabauOana_gr30232_app\main.cpp(160,16): warning C4244: 'initializing': conversion from 'double' to 'float', possible loss of data
C:\Users\oana\source\repos\SabauOana_gr30232_app\main.cpp(161,16): warning C4244: 'initializing': conversion from 'double' to 'float', possible loss of data
C:\Users\oana\source\repos\SabauOana_gr30232_app\main.cpp(162,18): warning C4244: '=': conversion from 'double' to 'float', possible loss of data
C:\Users\oana\source\repos\SabauOana_gr30232_app\main.cpp(163,18): warning C4244: '=': conversion from 'double' to 'float', possible loss of data
C:\Users\oana\source\repos\SabauOana_gr30232_app\main.cpp(563,21): warning C4244: 'initializing': conversion from 'double' to 'float', possible loss of data
C:\Users\oana\source\repos\SabauOana_gr30232_app\main.cpp(606,21): warning C4244: '=': conversion from 'double' to 'float', possible loss of data
  Mesh.cpp
  Model3D.cpp
  Shader.cpp
  SkyBox.cpp
  stb_image.cpp
  tiny_obj_loader.cpp
  Generating code
  Previous IPDB not found, fall back to full compilation.
  All 1780 functions were compiled because no usable IPDB/IOBJ from previous compilation was found.
  Finished generating code
  SabauOana_gr30232_app.vcxproj -> C:\Users\oana\source\repos\SabauOana_gr30232_app\x64\Release\SabauOana_gr30232_app.exe
